This is pdfTeX, Version 3.14159265-2.6-1.40.17 (TeX Live 2016) (preloaded format=pdflatex 2017.1.21)  2 NOV 2017 07:08
entering extended mode
 restricted \write18 enabled.
 file:line:error style messages enabled.
 %&-line parsing enabled.
**home_exam-fys-3012.tex
(./home_exam-fys-3012.tex
LaTeX2e <2016/03/31>
Babel <3.9r> and hyphenation patterns for 83 language(s) loaded.
(/usr/local/texlive/2016/texmf-dist/tex/latex/base/article.cls
Document Class: article 2014/09/29 v1.4h Standard LaTeX document class
(/usr/local/texlive/2016/texmf-dist/tex/latex/base/size12.clo
File: size12.clo 2014/09/29 v1.4h Standard LaTeX file (size option)
)
\c@part=\count79
\c@section=\count80
\c@subsection=\count81
\c@subsubsection=\count82
\c@paragraph=\count83
\c@subparagraph=\count84
\c@figure=\count85
\c@table=\count86
\abovecaptionskip=\skip41
\belowcaptionskip=\skip42
\bibindent=\dimen102
)
(/usr/local/texlive/2016/texmf-dist/tex/latex/base/fontenc.sty
Package: fontenc 2005/09/27 v1.99g Standard LaTeX package

(/usr/local/texlive/2016/texmf-dist/tex/latex/base/t1enc.def
File: t1enc.def 2005/09/27 v1.99g Standard LaTeX file
LaTeX Font Info:    Redeclaring font encoding T1 on input line 48.
))
(/usr/local/texlive/2016/texmf-dist/tex/latex/base/inputenc.sty
Package: inputenc 2015/03/17 v1.2c Input encoding file
\inpenc@prehook=\toks14
\inpenc@posthook=\toks15

(/usr/local/texlive/2016/texmf-dist/tex/latex/base/utf8.def
File: utf8.def 2016/02/28 v1.1s UTF-8 support for inputenc
Now handling font encoding OML ...
... no UTF-8 mapping file for font encoding OML
Now handling font encoding T1 ...
... processing UTF-8 mapping file for font encoding T1

(/usr/local/texlive/2016/texmf-dist/tex/latex/base/t1enc.dfu
File: t1enc.dfu 2016/02/28 v1.1s UTF-8 support for inputenc
   defining Unicode char U+00A0 (decimal 160)
   defining Unicode char U+00A1 (decimal 161)
   defining Unicode char U+00A3 (decimal 163)
   defining Unicode char U+00AB (decimal 171)
   defining Unicode char U+00AD (decimal 173)
   defining Unicode char U+00BB (decimal 187)
   defining Unicode char U+00BF (decimal 191)
   defining Unicode char U+00C0 (decimal 192)
   defining Unicode char U+00C1 (decimal 193)
   defining Unicode char U+00C2 (decimal 194)
   defining Unicode char U+00C3 (decimal 195)
   defining Unicode char U+00C4 (decimal 196)
   defining Unicode char U+00C5 (decimal 197)
   defining Unicode char U+00C6 (decimal 198)
   defining Unicode char U+00C7 (decimal 199)
   defining Unicode char U+00C8 (decimal 200)
   defining Unicode char U+00C9 (decimal 201)
   defining Unicode char U+00CA (decimal 202)
   defining Unicode char U+00CB (decimal 203)
   defining Unicode char U+00CC (decimal 204)
   defining Unicode char U+00CD (decimal 205)
   defining Unicode char U+00CE (decimal 206)
   defining Unicode char U+00CF (decimal 207)
   defining Unicode char U+00D0 (decimal 208)
   defining Unicode char U+00D1 (decimal 209)
   defining Unicode char U+00D2 (decimal 210)
   defining Unicode char U+00D3 (decimal 211)
   defining Unicode char U+00D4 (decimal 212)
   defining Unicode char U+00D5 (decimal 213)
   defining Unicode char U+00D6 (decimal 214)
   defining Unicode char U+00D8 (decimal 216)
   defining Unicode char U+00D9 (decimal 217)
   defining Unicode char U+00DA (decimal 218)
   defining Unicode char U+00DB (decimal 219)
   defining Unicode char U+00DC (decimal 220)
   defining Unicode char U+00DD (decimal 221)
   defining Unicode char U+00DE (decimal 222)
   defining Unicode char U+00DF (decimal 223)
   defining Unicode char U+00E0 (decimal 224)
   defining Unicode char U+00E1 (decimal 225)
   defining Unicode char U+00E2 (decimal 226)
   defining Unicode char U+00E3 (decimal 227)
   defining Unicode char U+00E4 (decimal 228)
   defining Unicode char U+00E5 (decimal 229)
   defining Unicode char U+00E6 (decimal 230)
   defining Unicode char U+00E7 (decimal 231)
   defining Unicode char U+00E8 (decimal 232)
   defining Unicode char U+00E9 (decimal 233)
   defining Unicode char U+00EA (decimal 234)
   defining Unicode char U+00EB (decimal 235)
   defining Unicode char U+00EC (decimal 236)
   defining Unicode char U+00ED (decimal 237)
   defining Unicode char U+00EE (decimal 238)
   defining Unicode char U+00EF (decimal 239)
   defining Unicode char U+00F0 (decimal 240)
   defining Unicode char U+00F1 (decimal 241)
   defining Unicode char U+00F2 (decimal 242)
   defining Unicode char U+00F3 (decimal 243)
   defining Unicode char U+00F4 (decimal 244)
   defining Unicode char U+00F5 (decimal 245)
   defining Unicode char U+00F6 (decimal 246)
   defining Unicode char U+00F8 (decimal 248)
   defining Unicode char U+00F9 (decimal 249)
   defining Unicode char U+00FA (decimal 250)
   defining Unicode char U+00FB (decimal 251)
   defining Unicode char U+00FC (decimal 252)
   defining Unicode char U+00FD (decimal 253)
   defining Unicode char U+00FE (decimal 254)
   defining Unicode char U+00FF (decimal 255)
   defining Unicode char U+0100 (decimal 256)
   defining Unicode char U+0101 (decimal 257)
   defining Unicode char U+0102 (decimal 258)
   defining Unicode char U+0103 (decimal 259)
   defining Unicode char U+0104 (decimal 260)
   defining Unicode char U+0105 (decimal 261)
   defining Unicode char U+0106 (decimal 262)
   defining Unicode char U+0107 (decimal 263)
   defining Unicode char U+0108 (decimal 264)
   defining Unicode char U+0109 (decimal 265)
   defining Unicode char U+010A (decimal 266)
   defining Unicode char U+010B (decimal 267)
   defining Unicode char U+010C (decimal 268)
   defining Unicode char U+010D (decimal 269)
   defining Unicode char U+010E (decimal 270)
   defining Unicode char U+010F (decimal 271)
   defining Unicode char U+0110 (decimal 272)
   defining Unicode char U+0111 (decimal 273)
   defining Unicode char U+0112 (decimal 274)
   defining Unicode char U+0113 (decimal 275)
   defining Unicode char U+0114 (decimal 276)
   defining Unicode char U+0115 (decimal 277)
   defining Unicode char U+0116 (decimal 278)
   defining Unicode char U+0117 (decimal 279)
   defining Unicode char U+0118 (decimal 280)
   defining Unicode char U+0119 (decimal 281)
   defining Unicode char U+011A (decimal 282)
   defining Unicode char U+011B (decimal 283)
   defining Unicode char U+011C (decimal 284)
   defining Unicode char U+011D (decimal 285)
   defining Unicode char U+011E (decimal 286)
   defining Unicode char U+011F (decimal 287)
   defining Unicode char U+0120 (decimal 288)
   defining Unicode char U+0121 (decimal 289)
   defining Unicode char U+0122 (decimal 290)
   defining Unicode char U+0123 (decimal 291)
   defining Unicode char U+0124 (decimal 292)
   defining Unicode char U+0125 (decimal 293)
   defining Unicode char U+0128 (decimal 296)
   defining Unicode char U+0129 (decimal 297)
   defining Unicode char U+012A (decimal 298)
   defining Unicode char U+012B (decimal 299)
   defining Unicode char U+012C (decimal 300)
   defining Unicode char U+012D (decimal 301)
   defining Unicode char U+012E (decimal 302)
   defining Unicode char U+012F (decimal 303)
   defining Unicode char U+0130 (decimal 304)
   defining Unicode char U+0131 (decimal 305)
   defining Unicode char U+0132 (decimal 306)
   defining Unicode char U+0133 (decimal 307)
   defining Unicode char U+0134 (decimal 308)
   defining Unicode char U+0135 (decimal 309)
   defining Unicode char U+0136 (decimal 310)
   defining Unicode char U+0137 (decimal 311)
   defining Unicode char U+0139 (decimal 313)
   defining Unicode char U+013A (decimal 314)
   defining Unicode char U+013B (decimal 315)
   defining Unicode char U+013C (decimal 316)
   defining Unicode char U+013D (decimal 317)
   defining Unicode char U+013E (decimal 318)
   defining Unicode char U+0141 (decimal 321)
   defining Unicode char U+0142 (decimal 322)
   defining Unicode char U+0143 (decimal 323)
   defining Unicode char U+0144 (decimal 324)
   defining Unicode char U+0145 (decimal 325)
   defining Unicode char U+0146 (decimal 326)
   defining Unicode char U+0147 (decimal 327)
   defining Unicode char U+0148 (decimal 328)
   defining Unicode char U+014A (decimal 330)
   defining Unicode char U+014B (decimal 331)
   defining Unicode char U+014C (decimal 332)
   defining Unicode char U+014D (decimal 333)
   defining Unicode char U+014E (decimal 334)
   defining Unicode char U+014F (decimal 335)
   defining Unicode char U+0150 (decimal 336)
   defining Unicode char U+0151 (decimal 337)
   defining Unicode char U+0152 (decimal 338)
   defining Unicode char U+0153 (decimal 339)
   defining Unicode char U+0154 (decimal 340)
   defining Unicode char U+0155 (decimal 341)
   defining Unicode char U+0156 (decimal 342)
   defining Unicode char U+0157 (decimal 343)
   defining Unicode char U+0158 (decimal 344)
   defining Unicode char U+0159 (decimal 345)
   defining Unicode char U+015A (decimal 346)
   defining Unicode char U+015B (decimal 347)
   defining Unicode char U+015C (decimal 348)
   defining Unicode char U+015D (decimal 349)
   defining Unicode char U+015E (decimal 350)
   defining Unicode char U+015F (decimal 351)
   defining Unicode char U+0160 (decimal 352)
   defining Unicode char U+0161 (decimal 353)
   defining Unicode char U+0162 (decimal 354)
   defining Unicode char U+0163 (decimal 355)
   defining Unicode char U+0164 (decimal 356)
   defining Unicode char U+0165 (decimal 357)
   defining Unicode char U+0168 (decimal 360)
   defining Unicode char U+0169 (decimal 361)
   defining Unicode char U+016A (decimal 362)
   defining Unicode char U+016B (decimal 363)
   defining Unicode char U+016C (decimal 364)
   defining Unicode char U+016D (decimal 365)
   defining Unicode char U+016E (decimal 366)
   defining Unicode char U+016F (decimal 367)
   defining Unicode char U+0170 (decimal 368)
   defining Unicode char U+0171 (decimal 369)
   defining Unicode char U+0172 (decimal 370)
   defining Unicode char U+0173 (decimal 371)
   defining Unicode char U+0174 (decimal 372)
   defining Unicode char U+0175 (decimal 373)
   defining Unicode char U+0176 (decimal 374)
   defining Unicode char U+0177 (decimal 375)
   defining Unicode char U+0178 (decimal 376)
   defining Unicode char U+0179 (decimal 377)
   defining Unicode char U+017A (decimal 378)
   defining Unicode char U+017B (decimal 379)
   defining Unicode char U+017C (decimal 380)
   defining Unicode char U+017D (decimal 381)
   defining Unicode char U+017E (decimal 382)
   defining Unicode char U+01CD (decimal 461)
   defining Unicode char U+01CE (decimal 462)
   defining Unicode char U+01CF (decimal 463)
   defining Unicode char U+01D0 (decimal 464)
   defining Unicode char U+01D1 (decimal 465)
   defining Unicode char U+01D2 (decimal 466)
   defining Unicode char U+01D3 (decimal 467)
   defining Unicode char U+01D4 (decimal 468)
   defining Unicode char U+01E2 (decimal 482)
   defining Unicode char U+01E3 (decimal 483)
   defining Unicode char U+01E6 (decimal 486)
   defining Unicode char U+01E7 (decimal 487)
   defining Unicode char U+01E8 (decimal 488)
   defining Unicode char U+01E9 (decimal 489)
   defining Unicode char U+01EA (decimal 490)
   defining Unicode char U+01EB (decimal 491)
   defining Unicode char U+01F0 (decimal 496)
   defining Unicode char U+01F4 (decimal 500)
   defining Unicode char U+01F5 (decimal 501)
   defining Unicode char U+0218 (decimal 536)
   defining Unicode char U+0219 (decimal 537)
   defining Unicode char U+021A (decimal 538)
   defining Unicode char U+021B (decimal 539)
   defining Unicode char U+1E02 (decimal 7682)
   defining Unicode char U+1E03 (decimal 7683)
   defining Unicode char U+200C (decimal 8204)
   defining Unicode char U+2010 (decimal 8208)
   defining Unicode char U+2011 (decimal 8209)
   defining Unicode char U+2012 (decimal 8210)
   defining Unicode char U+2013 (decimal 8211)
   defining Unicode char U+2014 (decimal 8212)
   defining Unicode char U+2015 (decimal 8213)
   defining Unicode char U+2018 (decimal 8216)
   defining Unicode char U+2019 (decimal 8217)
   defining Unicode char U+201A (decimal 8218)
   defining Unicode char U+201C (decimal 8220)
   defining Unicode char U+201D (decimal 8221)
   defining Unicode char U+201E (decimal 8222)
   defining Unicode char U+2030 (decimal 8240)
   defining Unicode char U+2031 (decimal 8241)
   defining Unicode char U+2039 (decimal 8249)
   defining Unicode char U+203A (decimal 8250)
   defining Unicode char U+2423 (decimal 9251)
)
Now handling font encoding OT1 ...
... processing UTF-8 mapping file for font encoding OT1

(/usr/local/texlive/2016/texmf-dist/tex/latex/base/ot1enc.dfu
File: ot1enc.dfu 2016/02/28 v1.1s UTF-8 support for inputenc
   defining Unicode char U+00A0 (decimal 160)
   defining Unicode char U+00A1 (decimal 161)
   defining Unicode char U+00A3 (decimal 163)
   defining Unicode char U+00AD (decimal 173)
   defining Unicode char U+00B8 (decimal 184)
   defining Unicode char U+00BF (decimal 191)
   defining Unicode char U+00C5 (decimal 197)
   defining Unicode char U+00C6 (decimal 198)
   defining Unicode char U+00D8 (decimal 216)
   defining Unicode char U+00DF (decimal 223)
   defining Unicode char U+00E6 (decimal 230)
   defining Unicode char U+00EC (decimal 236)
   defining Unicode char U+00ED (decimal 237)
   defining Unicode char U+00EE (decimal 238)
   defining Unicode char U+00EF (decimal 239)
   defining Unicode char U+00F8 (decimal 248)
   defining Unicode char U+0131 (decimal 305)
   defining Unicode char U+0141 (decimal 321)
   defining Unicode char U+0142 (decimal 322)
   defining Unicode char U+0152 (decimal 338)
   defining Unicode char U+0153 (decimal 339)
   defining Unicode char U+0174 (decimal 372)
   defining Unicode char U+0175 (decimal 373)
   defining Unicode char U+0176 (decimal 374)
   defining Unicode char U+0177 (decimal 375)
   defining Unicode char U+0218 (decimal 536)
   defining Unicode char U+0219 (decimal 537)
   defining Unicode char U+021A (decimal 538)
   defining Unicode char U+021B (decimal 539)
   defining Unicode char U+2013 (decimal 8211)
   defining Unicode char U+2014 (decimal 8212)
   defining Unicode char U+2018 (decimal 8216)
   defining Unicode char U+2019 (decimal 8217)
   defining Unicode char U+201C (decimal 8220)
   defining Unicode char U+201D (decimal 8221)
)
Now handling font encoding OMS ...
... processing UTF-8 mapping file for font encoding OMS

(/usr/local/texlive/2016/texmf-dist/tex/latex/base/omsenc.dfu
File: omsenc.dfu 2016/02/28 v1.1s UTF-8 support for inputenc
   defining Unicode char U+00A7 (decimal 167)
   defining Unicode char U+00B6 (decimal 182)
   defining Unicode char U+00B7 (decimal 183)
   defining Unicode char U+2020 (decimal 8224)
   defining Unicode char U+2021 (decimal 8225)
   defining Unicode char U+2022 (decimal 8226)
)
Now handling font encoding OMX ...
... no UTF-8 mapping file for font encoding OMX
Now handling font encoding U ...
... no UTF-8 mapping file for font encoding U
   defining Unicode char U+00A9 (decimal 169)
   defining Unicode char U+00AA (decimal 170)
   defining Unicode char U+00AE (decimal 174)
   defining Unicode char U+00BA (decimal 186)
   defining Unicode char U+02C6 (decimal 710)
   defining Unicode char U+02DC (decimal 732)
   defining Unicode char U+200C (decimal 8204)
   defining Unicode char U+2026 (decimal 8230)
   defining Unicode char U+2122 (decimal 8482)
   defining Unicode char U+2423 (decimal 9251)
))
(/usr/local/texlive/2016/texmf-dist/tex/generic/babel/babel.sty
Package: babel 2016/04/23 3.9r The Babel package

(/usr/local/texlive/2016/texmf-dist/tex/generic/babel-english/english.ldf
Language: english 2012/08/20 v3.3p English support from the babel system

(/usr/local/texlive/2016/texmf-dist/tex/generic/babel/babel.def
File: babel.def 2016/04/23 3.9r Babel common definitions
\babel@savecnt=\count87
\U@D=\dimen103
)
\l@canadian = a dialect from \language\l@american 
\l@australian = a dialect from \language\l@british 
\l@newzealand = a dialect from \language\l@british 
))
(/usr/local/texlive/2016/texmf-dist/tex/latex/hyperref/hyperref.sty
Package: hyperref 2016/05/05 v6.83n Hypertext links for LaTeX

(/usr/local/texlive/2016/texmf-dist/tex/generic/oberdiek/hobsub-hyperref.sty
Package: hobsub-hyperref 2016/05/16 v1.14 Bundle oberdiek, subset hyperref (HO)


(/usr/local/texlive/2016/texmf-dist/tex/generic/oberdiek/hobsub-generic.sty
Package: hobsub-generic 2016/05/16 v1.14 Bundle oberdiek, subset generic (HO)
Package: hobsub 2016/05/16 v1.14 Construct package bundles (HO)
Package: infwarerr 2016/05/16 v1.4 Providing info/warning/error messages (HO)
Package: ltxcmds 2016/05/16 v1.23 LaTeX kernel commands for general use (HO)
Package: ifluatex 2016/05/16 v1.4 Provides the ifluatex switch (HO)
Package ifluatex Info: LuaTeX not detected.
Package: ifvtex 2016/05/16 v1.6 Detect VTeX and its facilities (HO)
Package ifvtex Info: VTeX not detected.
Package: intcalc 2016/05/16 v1.2 Expandable calculations with integers (HO)
Package: ifpdf 2016/05/14 v3.1 Provides the ifpdf switch
Package: etexcmds 2016/05/16 v1.6 Avoid name clashes with e-TeX commands (HO)
Package etexcmds Info: Could not find \expanded.
(etexcmds)             That can mean that you are not using pdfTeX 1.50 or
(etexcmds)             that some package has redefined \expanded.
(etexcmds)             In the latter case, load this package earlier.
Package: kvsetkeys 2016/05/16 v1.17 Key value parser (HO)
Package: kvdefinekeys 2016/05/16 v1.4 Define keys (HO)
Package: pdftexcmds 2016/05/10 v0.21 Utility functions of pdfTeX for LuaTeX (HO
)
Package pdftexcmds Info: LuaTeX not detected.
Package pdftexcmds Info: \pdf@primitive is available.
Package pdftexcmds Info: \pdf@ifprimitive is available.
Package pdftexcmds Info: \pdfdraftmode found.
Package: pdfescape 2016/05/16 v1.14 Implements pdfTeX's escape features (HO)
Package: bigintcalc 2016/05/16 v1.4 Expandable calculations on big integers (HO
)
Package: bitset 2016/05/16 v1.2 Handle bit-vector datatype (HO)
Package: uniquecounter 2016/05/16 v1.3 Provide unlimited unique counter (HO)
)
Package hobsub Info: Skipping package `hobsub' (already loaded).
Package: letltxmacro 2016/05/16 v1.5 Let assignment for LaTeX macros (HO)
Package: hopatch 2016/05/16 v1.3 Wrapper for package hooks (HO)
Package: xcolor-patch 2016/05/16 xcolor patch
Package: atveryend 2016/05/16 v1.9 Hooks at the very end of document (HO)
Package atveryend Info: \enddocument detected (standard20110627).
Package: atbegshi 2016/05/16 v1.17 At begin shipout hook (HO)
Package: refcount 2016/05/16 v3.5 Data extraction from label references (HO)
Package: hycolor 2016/05/16 v1.8 Color options for hyperref/bookmark (HO)
)
(/usr/local/texlive/2016/texmf-dist/tex/latex/graphics/keyval.sty
Package: keyval 2014/10/28 v1.15 key=value parser (DPC)
\KV@toks@=\toks16
)
(/usr/local/texlive/2016/texmf-dist/tex/generic/ifxetex/ifxetex.sty
Package: ifxetex 2010/09/12 v0.6 Provides ifxetex conditional
)
(/usr/local/texlive/2016/texmf-dist/tex/latex/oberdiek/auxhook.sty
Package: auxhook 2016/05/16 v1.4 Hooks for auxiliary files (HO)
)
(/usr/local/texlive/2016/texmf-dist/tex/latex/oberdiek/kvoptions.sty
Package: kvoptions 2016/05/16 v3.12 Key value format for package options (HO)
)
\@linkdim=\dimen104
\Hy@linkcounter=\count88
\Hy@pagecounter=\count89

(/usr/local/texlive/2016/texmf-dist/tex/latex/hyperref/pd1enc.def
File: pd1enc.def 2016/05/05 v6.83n Hyperref: PDFDocEncoding definition (HO)
Now handling font encoding PD1 ...
... no UTF-8 mapping file for font encoding PD1
)
\Hy@SavedSpaceFactor=\count90

(/usr/local/texlive/2016/texmf-dist/tex/latex/latexconfig/hyperref.cfg
File: hyperref.cfg 2002/06/06 v1.2 hyperref configuration of TeXLive
)
Package hyperref Info: Option `colorlinks' set `true' on input line 4322.
Package hyperref Info: Hyper figures OFF on input line 4446.
Package hyperref Info: Link nesting OFF on input line 4451.
Package hyperref Info: Hyper index ON on input line 4454.
Package hyperref Info: Plain pages OFF on input line 4461.
Package hyperref Info: Backreferencing OFF on input line 4466.
Package hyperref Info: Implicit mode ON; LaTeX internals redefined.
Package hyperref Info: Bookmarks ON on input line 4691.
\c@Hy@tempcnt=\count91

(/usr/local/texlive/2016/texmf-dist/tex/latex/url/url.sty
\Urlmuskip=\muskip10
Package: url 2013/09/16  ver 3.4  Verb mode for urls, etc.
)
LaTeX Info: Redefining \url on input line 5044.
\XeTeXLinkMargin=\dimen105
\Fld@menulength=\count92
\Field@Width=\dimen106
\Fld@charsize=\dimen107
Package hyperref Info: Hyper figures OFF on input line 6298.
Package hyperref Info: Link nesting OFF on input line 6303.
Package hyperref Info: Hyper index ON on input line 6306.
Package hyperref Info: backreferencing OFF on input line 6313.
Package hyperref Info: Link coloring ON on input line 6316.
Package hyperref Info: Link coloring with OCG OFF on input line 6323.
Package hyperref Info: PDF/A mode OFF on input line 6328.
LaTeX Info: Redefining \ref on input line 6368.
LaTeX Info: Redefining \pageref on input line 6372.
\Hy@abspage=\count93
\c@Item=\count94
\c@Hfootnote=\count95
)

Package hyperref Message: Driver (autodetected): hpdftex.

(/usr/local/texlive/2016/texmf-dist/tex/latex/hyperref/hpdftex.def
File: hpdftex.def 2016/05/05 v6.83n Hyperref driver for pdfTeX
\Fld@listcount=\count96
\c@bookmark@seq@number=\count97

(/usr/local/texlive/2016/texmf-dist/tex/latex/oberdiek/rerunfilecheck.sty
Package: rerunfilecheck 2016/05/16 v1.8 Rerun checks for auxiliary files (HO)
Package uniquecounter Info: New unique counter `rerunfilecheck' on input line 2
82.
)
\Hy@SectionHShift=\skip43
)
(/usr/local/texlive/2016/texmf-dist/tex/latex/graphics/graphicx.sty
Package: graphicx 2014/10/28 v1.0g Enhanced LaTeX Graphics (DPC,SPQR)

(/usr/local/texlive/2016/texmf-dist/tex/latex/graphics/graphics.sty
Package: graphics 2016/05/09 v1.0r Standard LaTeX Graphics (DPC,SPQR)

(/usr/local/texlive/2016/texmf-dist/tex/latex/graphics/trig.sty
Package: trig 2016/01/03 v1.10 sin cos tan (DPC)
)
(/usr/local/texlive/2016/texmf-dist/tex/latex/graphics-cfg/graphics.cfg
File: graphics.cfg 2016/01/02 v1.10 sample graphics configuration
)
Package graphics Info: Driver file: pdftex.def on input line 96.

(/usr/local/texlive/2016/texmf-dist/tex/latex/pdftex-def/pdftex.def
File: pdftex.def 2011/05/27 v0.06d Graphics/color for pdfTeX
\Gread@gobject=\count98
))
\Gin@req@height=\dimen108
\Gin@req@width=\dimen109
)
(/usr/local/texlive/2016/texmf-dist/tex/latex/listings/listings.sty
\lst@mode=\count99
\lst@gtempboxa=\box26
\lst@token=\toks17
\lst@length=\count100
\lst@currlwidth=\dimen110
\lst@column=\count101
\lst@pos=\count102
\lst@lostspace=\dimen111
\lst@width=\dimen112
\lst@newlines=\count103
\lst@lineno=\count104
\lst@maxwidth=\dimen113

(/usr/local/texlive/2016/texmf-dist/tex/latex/listings/lstmisc.sty
File: lstmisc.sty 2015/06/04 1.6 (Carsten Heinz)
\c@lstnumber=\count105
\lst@skipnumbers=\count106
\lst@framebox=\box27
)
(/usr/local/texlive/2016/texmf-dist/tex/latex/listings/listings.cfg
File: listings.cfg 2015/06/04 1.6 listings configuration
))
Package: listings 2015/06/04 1.6 (Carsten Heinz)

(/usr/local/texlive/2016/texmf-dist/tex/latex/geometry/geometry.sty
Package: geometry 2010/09/12 v5.6 Page Geometry
\Gm@cnth=\count107
\Gm@cntv=\count108
\c@Gm@tempcnt=\count109
\Gm@bindingoffset=\dimen114
\Gm@wd@mp=\dimen115
\Gm@odd@mp=\dimen116
\Gm@even@mp=\dimen117
\Gm@layoutwidth=\dimen118
\Gm@layoutheight=\dimen119
\Gm@layouthoffset=\dimen120
\Gm@layoutvoffset=\dimen121
\Gm@dimlist=\toks18
)
(/usr/local/texlive/2016/texmf-dist/tex/latex/titlesec/titlesec.sty
Package: titlesec 2016/03/21 v2.10.2 Sectioning titles
\ttl@box=\box28
\beforetitleunit=\skip44
\aftertitleunit=\skip45
\ttl@plus=\dimen122
\ttl@minus=\dimen123
\ttl@toksa=\toks19
\titlewidth=\dimen124
\titlewidthlast=\dimen125
\titlewidthfirst=\dimen126
)
(/usr/local/texlive/2016/texmf-dist/tex/latex/float/float.sty
Package: float 2001/11/08 v1.3d Float enhancements (AL)
\c@float@type=\count110
\float@exts=\toks20
\float@box=\box29
\@float@everytoks=\toks21
\@floatcapt=\box30
)
(/usr/local/texlive/2016/texmf-dist/tex/latex/booktabs/booktabs.sty
Package: booktabs 2016/04/27 v1.618033 publication quality tables
\heavyrulewidth=\dimen127
\lightrulewidth=\dimen128
\cmidrulewidth=\dimen129
\belowrulesep=\dimen130
\belowbottomsep=\dimen131
\aboverulesep=\dimen132
\abovetopsep=\dimen133
\cmidrulesep=\dimen134
\cmidrulekern=\dimen135
\defaultaddspace=\dimen136
\@cmidla=\count111
\@cmidlb=\count112
\@aboverulesep=\dimen137
\@belowrulesep=\dimen138
\@thisruleclass=\count113
\@lastruleclass=\count114
\@thisrulewidth=\dimen139
)
(/usr/local/texlive/2016/texmf-dist/tex/latex/caption/caption.sty
Package: caption 2016/02/21 v3.3-144 Customizing captions (AR)

(/usr/local/texlive/2016/texmf-dist/tex/latex/caption/caption3.sty
Package: caption3 2016/02/04 v1.7-139 caption3 kernel (AR)
Package caption3 Info: TeX engine: e-TeX on input line 67.
\captionmargin=\dimen140
\captionmargin@=\dimen141
\captionwidth=\dimen142
\caption@tempdima=\dimen143
\caption@indent=\dimen144
\caption@parindent=\dimen145
\caption@hangindent=\dimen146
)
\c@ContinuedFloat=\count115
Package caption Info: float package is loaded.
Package caption Info: hyperref package is loaded.
Package caption Info: listings package is loaded.
)
(/usr/local/texlive/2016/texmf-dist/tex/latex/caption/subcaption.sty
Package: subcaption 2016/02/20 v1.1-142 Sub-captions (AR)
\c@subfigure=\count116
\c@subtable=\count117
)
(/usr/local/texlive/2016/texmf-dist/tex/latex/tools/tabularx.sty
Package: tabularx 2016/02/03 v2.11 `tabularx' package (DPC)

(/usr/local/texlive/2016/texmf-dist/tex/latex/tools/array.sty
Package: array 2014/10/28 v2.4c Tabular extension package (FMi)
\col@sep=\dimen147
\extrarowheight=\dimen148
\NC@list=\toks22
\extratabsurround=\skip46
\backup@length=\skip47
)
\TX@col@width=\dimen149
\TX@old@table=\dimen150
\TX@old@col=\dimen151
\TX@target=\dimen152
\TX@delta=\dimen153
\TX@cols=\count118
\TX@ftn=\toks23
)
(/usr/local/texlive/2016/texmf-dist/tex/latex/setspace/setspace.sty
Package: setspace 2011/12/19 v6.7a set line spacing
)
(/usr/local/texlive/2016/texmf-dist/tex/latex/framed/framed.sty
Package: framed 2011/10/22 v 0.96: framed or shaded text with page breaks
\OuterFrameSep=\skip48
\fb@frw=\dimen154
\fb@frh=\dimen155
\FrameRule=\dimen156
\FrameSep=\dimen157
)
(/usr/local/texlive/2016/texmf-dist/tex/latex/wrapfig/wrapfig.sty
\wrapoverhang=\dimen158
\WF@size=\dimen159
\c@WF@wrappedlines=\count119
\WF@box=\box31
\WF@everypar=\toks24
Package: wrapfig 2003/01/31  v 3.6
)
(/usr/local/texlive/2016/texmf-dist/tex/latex/fancyhdr/fancyhdr.sty
\fancy@headwidth=\skip49
\f@ncyO@elh=\skip50
\f@ncyO@erh=\skip51
\f@ncyO@olh=\skip52
\f@ncyO@orh=\skip53
\f@ncyO@elf=\skip54
\f@ncyO@erf=\skip55
\f@ncyO@olf=\skip56
\f@ncyO@orf=\skip57
)
(/Users/arthurnoerve/utdanning/UiT/H2017/FYS-3012/Home exam/report/.texpadtmp/h
ome_exam-fys-3012.aux
(/Users/arthurnoerve/utdanning/UiT/H2017/FYS-3012/Home exam/report/.texpadtmp/f
ront.aux))
\openout1 = `home_exam-fys-3012.aux'.

LaTeX Font Info:    Checking defaults for OML/cmm/m/it on input line 36.
LaTeX Font Info:    ... okay on input line 36.
LaTeX Font Info:    Checking defaults for T1/cmr/m/n on input line 36.
LaTeX Font Info:    ... okay on input line 36.
LaTeX Font Info:    Checking defaults for OT1/cmr/m/n on input line 36.
LaTeX Font Info:    ... okay on input line 36.
LaTeX Font Info:    Checking defaults for OMS/cmsy/m/n on input line 36.
LaTeX Font Info:    ... okay on input line 36.
LaTeX Font Info:    Checking defaults for OMX/cmex/m/n on input line 36.
LaTeX Font Info:    ... okay on input line 36.
LaTeX Font Info:    Checking defaults for U/cmr/m/n on input line 36.
LaTeX Font Info:    ... okay on input line 36.
LaTeX Font Info:    Checking defaults for PD1/pdf/m/n on input line 36.
LaTeX Font Info:    ... okay on input line 36.
\AtBeginShipoutBox=\box32
 (/usr/local/texlive/2016/texmf-dist/tex/latex/graphics/color.sty
Package: color 2016/05/09 v1.1c Standard LaTeX Color (DPC)

(/usr/local/texlive/2016/texmf-dist/tex/latex/graphics-cfg/color.cfg
File: color.cfg 2016/01/02 v1.6 sample color configuration
)
Package color Info: Driver file: pdftex.def on input line 144.
)
Package hyperref Info: Link coloring ON on input line 36.

(/usr/local/texlive/2016/texmf-dist/tex/latex/hyperref/nameref.sty
Package: nameref 2012/10/27 v2.43 Cross-referencing by name of section

(/usr/local/texlive/2016/texmf-dist/tex/generic/oberdiek/gettitlestring.sty
Package: gettitlestring 2016/05/16 v1.5 Cleanup title references (HO)
)
\c@section@level=\count120
)
LaTeX Info: Redefining \ref on input line 36.
LaTeX Info: Redefining \pageref on input line 36.
LaTeX Info: Redefining \nameref on input line 36.

(/Users/arthurnoerve/utdanning/UiT/H2017/FYS-3012/Home exam/report/.texpadtmp/h
ome_exam-fys-3012.out)
(/Users/arthurnoerve/utdanning/UiT/H2017/FYS-3012/Home exam/report/.texpadtmp/h
ome_exam-fys-3012.out)
\@outlinefile=\write3
\openout3 = `home_exam-fys-3012.out'.


(/usr/local/texlive/2016/texmf-dist/tex/context/base/mkii/supp-pdf.mkii
[Loading MPS to PDF converter (version 2006.09.02).]
\scratchcounter=\count121
\scratchdimen=\dimen160
\scratchbox=\box33
\nofMPsegments=\count122
\nofMParguments=\count123
\everyMPshowfont=\toks25
\MPscratchCnt=\count124
\MPscratchDim=\dimen161
\MPnumerator=\count125
\makeMPintoPDFobject=\count126
\everyMPtoPDFconversion=\toks26
) (/usr/local/texlive/2016/texmf-dist/tex/latex/oberdiek/epstopdf-base.sty
Package: epstopdf-base 2016/05/15 v2.6 Base part for package epstopdf

(/usr/local/texlive/2016/texmf-dist/tex/latex/oberdiek/grfext.sty
Package: grfext 2016/05/16 v1.2 Manage graphics extensions (HO)
)
Package grfext Info: Graphics extension search list:
(grfext)             [.png,.pdf,.jpg,.mps,.jpeg,.jbig2,.jb2,.PNG,.PDF,.JPG,.JPE
G,.JBIG2,.JB2,.eps]
(grfext)             \AppendGraphicsExtensions on input line 456.

(/usr/local/texlive/2016/texmf-dist/tex/latex/latexconfig/epstopdf-sys.cfg
File: epstopdf-sys.cfg 2010/07/13 v1.3 Configuration of (r)epstopdf for TeX Liv
e
))
\c@lstlisting=\count127

*geometry* driver: auto-detecting
*geometry* detected driver: pdftex
*geometry* verbose mode - [ preamble ] result:
* driver: pdftex
* paper: a4paper
* layout: <same size as paper>
* layoutoffset:(h,v)=(0.0pt,0.0pt)
* modes: includehead includefoot 
* h-part:(L,W,R)=(85.35826pt, 426.79134pt, 85.35828pt)
* v-part:(T,H,B)=(71.13188pt, 702.78308pt, 71.13188pt)
* \paperwidth=597.50787pt
* \paperheight=845.04684pt
* \textwidth=426.79134pt
* \textheight=635.78308pt
* \oddsidemargin=13.08827pt
* \evensidemargin=13.08827pt
* \topmargin=-1.1381pt
* \headheight=12.0pt
* \headsep=25.0pt
* \topskip=12.0pt
* \footskip=30.0pt
* \marginparwidth=35.0pt
* \marginparsep=10.0pt
* \columnsep=10.0pt
* \skip\footins=10.8pt plus 4.0pt minus 2.0pt
* \hoffset=0.0pt
* \voffset=0.0pt
* \mag=1000
* \@twocolumnfalse
* \@twosidefalse
* \@mparswitchfalse
* \@reversemarginfalse
* (1in=72.27pt=25.4mm, 1cm=28.453pt)

Package caption Info: Begin \AtBeginDocument code.
Package caption Info: wrapfig package is loaded.
Package caption Info: End \AtBeginDocument code.
\openout2 = `front.aux'.

(./front.tex <recursos/machine.jpg, id=72, 2833.58624pt x 1063.975pt>
File: recursos/machine.jpg Graphic file (type jpg)

<use recursos/machine.jpg>
Package pdftex.def Info: recursos/machine.jpg used on input line 5.
(pdftex.def)             Requested size: 192.0548pt x 72.09932pt.
 [1


{/usr/local/texlive/2016/texmf-var/fonts/map/pdftex/updmap/pdftex.map} <./recur
sos/machine.jpg>])
(/Users/arthurnoerve/utdanning/UiT/H2017/FYS-3012/Home exam/report/.texpadtmp/h
ome_exam-fys-3012.toc
LaTeX Font Info:    External font `cmex10' loaded for size
(Font)              <12> on input line 3.
LaTeX Font Info:    External font `cmex10' loaded for size
(Font)              <8> on input line 3.
LaTeX Font Info:    External font `cmex10' loaded for size
(Font)              <6> on input line 3.
)
\tf@toc=\write4
\openout4 = `home_exam-fys-3012.toc'.



Package Fancyhdr Warning: \headheight is too small (12.0pt): 
 Make it at least 14.49998pt.
 We now make it that large for the rest of the document.
 This may cause the page layout to be inconsistent, however.

pdfTeX warning (ext4): destination with the same identifier (name{page.1}) has 
been already used, duplicate ignored
<to be read again> 
                   \relax 
l.44 \newpage
              [1

]
<recursos/1/cumsum_eigen_pca.png, id=106, 462.528pt x 346.896pt>
File: recursos/1/cumsum_eigen_pca.png Graphic file (type png)

<use recursos/1/cumsum_eigen_pca.png>
Package pdftex.def Info: recursos/1/cumsum_eigen_pca.png used on input line 71.

(pdftex.def)             Requested size: 256.0774pt x 192.06905pt.
 [2]
<recursos/1/pca_2.png, id=117, 462.528pt x 346.896pt>
File: recursos/1/pca_2.png Graphic file (type png)

<use recursos/1/pca_2.png>
Package pdftex.def Info: recursos/1/pca_2.png used on input line 79.
(pdftex.def)             Requested size: 298.75262pt x 224.07703pt.
 [3 <./recursos/1/cumsum_eigen_pca.png> <./recursos/1/pca_2.png>] <recursos/1/b
ayes_2.png, id=126, 462.528pt x 346.896pt>
File: recursos/1/bayes_2.png Graphic file (type png)

<use recursos/1/bayes_2.png>
Package pdftex.def Info: recursos/1/bayes_2.png used on input line 95.
(pdftex.def)             Requested size: 128.0387pt x 96.02922pt.

<recursos/1/bayes_pca.png, id=127, 462.528pt x 346.896pt>
File: recursos/1/bayes_pca.png Graphic file (type png)

<use recursos/1/bayes_pca.png>
Package pdftex.def Info: recursos/1/bayes_pca.png used on input line 99.
(pdftex.def)             Requested size: 128.0387pt x 96.02922pt.

<recursos/1/bayes_full.png, id=128, 462.528pt x 346.896pt>
File: recursos/1/bayes_full.png Graphic file (type png)

<use recursos/1/bayes_full.png>
Package pdftex.def Info: recursos/1/bayes_full.png used on input line 103.
(pdftex.def)             Requested size: 128.0387pt x 96.02922pt.

<recursos/1/svm_2.png, id=129, 462.528pt x 346.896pt>
File: recursos/1/svm_2.png Graphic file (type png)

<use recursos/1/svm_2.png>
Package pdftex.def Info: recursos/1/svm_2.png used on input line 108.
(pdftex.def)             Requested size: 128.0387pt x 96.02922pt.

<recursos/1/svm_pca.png, id=130, 462.528pt x 346.896pt>
File: recursos/1/svm_pca.png Graphic file (type png)

<use recursos/1/svm_pca.png>
Package pdftex.def Info: recursos/1/svm_pca.png used on input line 112.
(pdftex.def)             Requested size: 128.0387pt x 96.02922pt.

<recursos/1/svm_full.png, id=131, 462.528pt x 346.896pt>
File: recursos/1/svm_full.png Graphic file (type png)

<use recursos/1/svm_full.png>
Package pdftex.def Info: recursos/1/svm_full.png used on input line 116.
(pdftex.def)             Requested size: 128.0387pt x 96.02922pt.

<recursos/1/lms_2.png, id=132, 462.528pt x 346.896pt>
File: recursos/1/lms_2.png Graphic file (type png)

<use recursos/1/lms_2.png>
Package pdftex.def Info: recursos/1/lms_2.png used on input line 121.
(pdftex.def)             Requested size: 128.0387pt x 96.02922pt.

<recursos/1/lms_pca.png, id=133, 462.528pt x 346.896pt>
File: recursos/1/lms_pca.png Graphic file (type png)

<use recursos/1/lms_pca.png>
Package pdftex.def Info: recursos/1/lms_pca.png used on input line 125.
(pdftex.def)             Requested size: 128.0387pt x 96.02922pt.

<recursos/1/lms_full.png, id=134, 462.528pt x 346.896pt>
File: recursos/1/lms_full.png Graphic file (type png)

<use recursos/1/lms_full.png>
Package pdftex.def Info: recursos/1/lms_full.png used on input line 129.
(pdftex.def)             Requested size: 128.0387pt x 96.02922pt.

<recursos/1/ls_2.png, id=135, 462.528pt x 346.896pt>
File: recursos/1/ls_2.png Graphic file (type png)
 <use recursos/1/ls_2.png>
Package pdftex.def Info: recursos/1/ls_2.png used on input line 134.
(pdftex.def)             Requested size: 128.0387pt x 96.02922pt.

<recursos/1/ls_pca.png, id=136, 462.528pt x 346.896pt>
File: recursos/1/ls_pca.png Graphic file (type png)

<use recursos/1/ls_pca.png>
Package pdftex.def Info: recursos/1/ls_pca.png used on input line 138.
(pdftex.def)             Requested size: 128.0387pt x 96.02922pt.

<recursos/1/ls_full.png, id=137, 462.528pt x 346.896pt>
File: recursos/1/ls_full.png Graphic file (type png)

<use recursos/1/ls_full.png>
Package pdftex.def Info: recursos/1/ls_full.png used on input line 142.
(pdftex.def)             Requested size: 128.0387pt x 96.02922pt.
 [4]
<recursos/1/class_vs.png, id=142, 462.528pt x 346.896pt>
File: recursos/1/class_vs.png Graphic file (type png)

<use recursos/1/class_vs.png>
Package pdftex.def Info: recursos/1/class_vs.png used on input line 152.
(pdftex.def)             Requested size: 192.0548pt x 144.04384pt.

<recursos/1/class_vs_simple.png, id=143, 618.6312pt x 458.9145pt>
File: recursos/1/class_vs_simple.png Graphic file (type png)

<use recursos/1/class_vs_simple.png>
Package pdftex.def Info: recursos/1/class_vs_simple.png used on input line 156.

(pdftex.def)             Requested size: 192.0548pt x 142.46509pt.
 [5 <./recursos/1/bayes_2.png> <./recursos/1/bayes_pca.png> <./recursos/1/bayes
_full.png> <./recursos/1/svm_2.png> <./recursos/1/svm_pca.png> <./recursos/1/sv
m_full.png> <./recursos/1/lms_2.png> <./recursos/1/lms_pca.png> <./recursos/1/l
ms_full.png> <./recursos/1/ls_2.png> <./recursos/1/ls_pca.png> <./recursos/1/ls
_full.png>]
<recursos/1/cost_10_2d.png, id=162, 462.528pt x 346.896pt>
File: recursos/1/cost_10_2d.png Graphic file (type png)

<use recursos/1/cost_10_2d.png>
Package pdftex.def Info: recursos/1/cost_10_2d.png used on input line 172.
(pdftex.def)             Requested size: 128.0387pt x 96.02922pt.

<recursos/1/cost_50.png, id=163, 462.528pt x 346.896pt>
File: recursos/1/cost_50.png Graphic file (type png)

<use recursos/1/cost_50.png>
Package pdftex.def Info: recursos/1/cost_50.png used on input line 176.
(pdftex.def)             Requested size: 128.0387pt x 96.02922pt.

<recursos/1/cost_100.png, id=164, 462.528pt x 346.896pt>
File: recursos/1/cost_100.png Graphic file (type png)

<use recursos/1/cost_100.png>
Package pdftex.def Info: recursos/1/cost_100.png used on input line 180.
(pdftex.def)             Requested size: 128.0387pt x 96.02922pt.
 [6 <./recursos/1/class_vs.png> <./recursos/1/class_vs_simple.png>]
<recursos/2/lms_regression_individual_tune.png, id=173, 462.528pt x 346.896pt>
File: recursos/2/lms_regression_individual_tune.png Graphic file (type png)

<use recursos/2/lms_regression_individual_tune.png>
Package pdftex.def Info: recursos/2/lms_regression_individual_tune.png used on 
input line 201.
(pdftex.def)             Requested size: 192.0548pt x 144.04384pt.

<recursos/2/lms_regression_global_tune.png, id=174, 462.528pt x 346.896pt>
File: recursos/2/lms_regression_global_tune.png Graphic file (type png)

<use recursos/2/lms_regression_global_tune.png>
Package pdftex.def Info: recursos/2/lms_regression_global_tune.png used on inpu
t line 205.
(pdftex.def)             Requested size: 192.0548pt x 144.04384pt.
 [7 <./recursos/1/cost_10_2d.png> <./recursos/1/cost_50.png> <./recursos/1/cost
_100.png>]
<recursos/2/lms_regression_individual_mu_values.png, id=183, 462.528pt x 346.89
6pt>
File: recursos/2/lms_regression_individual_mu_values.png Graphic file (type png
)
 <use recursos/2/lms_regression_individual_mu_values.png>
Package pdftex.def Info: recursos/2/lms_regression_individual_mu_values.png use
d on input line 217.
(pdftex.def)             Requested size: 192.0548pt x 144.04384pt.
LaTeX Font Info:    External font `cmex10' loaded for size
(Font)              <10.95> on input line 218.

<recursos/2/lms_regression_global_mu_tune.png, id=184, 462.528pt x 346.896pt>
File: recursos/2/lms_regression_global_mu_tune.png Graphic file (type png)

<use recursos/2/lms_regression_global_mu_tune.png>
Package pdftex.def Info: recursos/2/lms_regression_global_mu_tune.png used on i
nput line 221.
(pdftex.def)             Requested size: 192.0548pt x 144.04384pt.
 [8 <./recursos/2/lms_regression_individual_tune.png> <./recursos/2/lms_regress
ion_global_tune.png>]
<recursos/2/ls_regression.png, id=194, 462.528pt x 346.896pt>
File: recursos/2/ls_regression.png Graphic file (type png)

<use recursos/2/ls_regression.png>
Package pdftex.def Info: recursos/2/ls_regression.png used on input line 232.
(pdftex.def)             Requested size: 256.0774pt x 192.06905pt.
 [9 <./recursos/2/lms_regression_individual_mu_values.png> <./recursos/2/lms_re
gression_global_mu_tune.png> <./recursos/2/ls_regression.png>]
<recursos/3/cumsum_eigen_pca.png, id=206, 462.528pt x 346.896pt>
File: recursos/3/cumsum_eigen_pca.png Graphic file (type png)

<use recursos/3/cumsum_eigen_pca.png>
Package pdftex.def Info: recursos/3/cumsum_eigen_pca.png used on input line 250
.
(pdftex.def)             Requested size: 192.0548pt x 144.04384pt.

<recursos/3/cumsum_eigen_pca_larger.png, id=207, 462.528pt x 346.896pt>
File: recursos/3/cumsum_eigen_pca_larger.png Graphic file (type png)

<use recursos/3/cumsum_eigen_pca_larger.png>
Package pdftex.def Info: recursos/3/cumsum_eigen_pca_larger.png used on input l
ine 254.
(pdftex.def)             Requested size: 192.0548pt x 144.04384pt.

<recursos/3/pca_smaller.png, id=208, 462.528pt x 346.896pt>
File: recursos/3/pca_smaller.png Graphic file (type png)

<use recursos/3/pca_smaller.png>
Package pdftex.def Info: recursos/3/pca_smaller.png used on input line 265.
(pdftex.def)             Requested size: 192.0548pt x 144.04384pt.

<recursos/3/pca_larger.png, id=209, 462.528pt x 346.896pt>
File: recursos/3/pca_larger.png Graphic file (type png)

<use recursos/3/pca_larger.png>
Package pdftex.def Info: recursos/3/pca_larger.png used on input line 269.
(pdftex.def)             Requested size: 192.0548pt x 144.04384pt.
 [10 <./recursos/3/cumsum_eigen_pca.png> <./recursos/3/cumsum_eigen_pca_larger.
png>]
<recursos/3/class_vs_small.png, id=218, 462.528pt x 346.896pt>
File: recursos/3/class_vs_small.png Graphic file (type png)

<use recursos/3/class_vs_small.png>
Package pdftex.def Info: recursos/3/class_vs_small.png used on input line 281.
(pdftex.def)             Requested size: 192.0548pt x 144.04384pt.

<recursos/3/class_vs_large.png, id=219, 462.528pt x 346.896pt>
File: recursos/3/class_vs_large.png Graphic file (type png)

<use recursos/3/class_vs_large.png>
Package pdftex.def Info: recursos/3/class_vs_large.png used on input line 285.
(pdftex.def)             Requested size: 192.0548pt x 144.04384pt.

<recursos/3/dim_small_vs_large.png, id=220, 462.528pt x 346.896pt>
File: recursos/3/dim_small_vs_large.png Graphic file (type png)

<use recursos/3/dim_small_vs_large.png>
Package pdftex.def Info: recursos/3/dim_small_vs_large.png used on input line 2
96.
(pdftex.def)             Requested size: 298.75262pt x 224.07703pt.
 [11 <./recursos/3/pca_smaller.png> <./recursos/3/pca_larger.png> <./recursos/3
/class_vs_small.png> <./recursos/3/class_vs_large.png>] <recursos/3/ls_small.pn
g, id=231, 462.528pt x 346.896pt>
File: recursos/3/ls_small.png Graphic file (type png)

<use recursos/3/ls_small.png>
Package pdftex.def Info: recursos/3/ls_small.png used on input line 305.
(pdftex.def)             Requested size: 192.0548pt x 144.04384pt.

<recursos/3/lms_small.png, id=232, 462.528pt x 346.896pt>
File: recursos/3/lms_small.png Graphic file (type png)

<use recursos/3/lms_small.png>
Package pdftex.def Info: recursos/3/lms_small.png used on input line 309.
(pdftex.def)             Requested size: 192.0548pt x 144.04384pt.

<recursos/3/bayes_small.png, id=233, 462.528pt x 346.896pt>
File: recursos/3/bayes_small.png Graphic file (type png)

<use recursos/3/bayes_small.png>
Package pdftex.def Info: recursos/3/bayes_small.png used on input line 314.
(pdftex.def)             Requested size: 192.0548pt x 144.04384pt.

<recursos/3/svm_small.png, id=234, 462.528pt x 346.896pt>
File: recursos/3/svm_small.png Graphic file (type png)

<use recursos/3/svm_small.png>
Package pdftex.def Info: recursos/3/svm_small.png used on input line 318.
(pdftex.def)             Requested size: 192.0548pt x 144.04384pt.
 [12 <./recursos/3/dim_small_vs_large.png>]
LaTeX Font Info:    Try loading font information for T1+cmtt on input line 331.


(/usr/local/texlive/2016/texmf-dist/tex/latex/base/t1cmtt.fd
File: t1cmtt.fd 2014/09/29 v2.5h Standard LaTeX font definitions
) [13 <./recursos/3/ls_small.png> <./recursos/3/lms_small.png> <./recursos/3/ba
yes_small.png> <./recursos/3/svm_small.png>]
(/usr/local/texlive/2016/texmf-dist/tex/latex/listings/lstlang1.sty
File: lstlang1.sty 2015/06/04 1.6 listings language file
)
Package hyperref Info: bookmark level for unknown lstlisting defaults to 0 on i
nput line 367.

(./recursos/alpha.py
LaTeX Font Info:    Try loading font information for OMS+cmr on input line 8.

(/usr/local/texlive/2016/texmf-dist/tex/latex/base/omscmr.fd
File: omscmr.fd 2014/09/29 v2.5h Standard LaTeX font definitions
)
LaTeX Font Info:    Font shape `OMS/cmr/m/n' in size <12> not available
(Font)              Font shape `OMS/cmsy/m/n' tried instead on input line 8.
) [14]
Underfull \vbox (badness 10000) detected at line 368
 []


Underfull \vbox (badness 10000) detected at line 368
 []

[15]
Underfull \vbox (badness 10000) detected at line 368
 []


Underfull \vbox (badness 10000) detected at line 368
 []

[16]
Underfull \vbox (badness 10000) detected at line 368
 []


Underfull \vbox (badness 10000) detected at line 368
 []

[17]
Underfull \vbox (badness 10000) detected at line 368
 []


Underfull \vbox (badness 10000) detected at line 368
 []

[18]
Underfull \vbox (badness 10000) detected at line 368
 []


Underfull \vbox (badness 10000) detected at line 368
 []

[19]
Underfull \vbox (badness 10000) detected at line 368
 []


Underfull \vbox (badness 10000) detected at line 368
 []

[20]
Underfull \vbox (badness 10000) detected at line 368
 []


Underfull \vbox (badness 10000) detected at line 368
 []

[21]
Underfull \vbox (badness 10000) detected at line 368
 []


Underfull \vbox (badness 10000) detected at line 368
 []

[22] [23]
Package atveryend Info: Empty hook `BeforeClearDocument' on input line 379.
Package atveryend Info: Empty hook `AfterLastShipout' on input line 379.

(/Users/arthurnoerve/utdanning/UiT/H2017/FYS-3012/Home exam/report/.texpadtmp/h
ome_exam-fys-3012.aux
(/Users/arthurnoerve/utdanning/UiT/H2017/FYS-3012/Home exam/report/.texpadtmp/f
ront.aux))
Package atveryend Info: Executing hook `AtVeryEndDocument' on input line 379.
Package atveryend Info: Executing hook `AtEndAfterFileList' on input line 379.
Package rerunfilecheck Info: File `home_exam-fys-3012.out' has not changed.
(rerunfilecheck)             Checksum: <no file>.
Package atveryend Info: Empty hook `AtVeryVeryEnd' on input line 379.
 ) 
Here is how much of TeX's memory you used:
 10807 strings out of 493014
 158679 string characters out of 6133351
 997717 words of memory out of 5000000
 13759 multiletter control sequences out of 15000+600000
 17405 words of font info for 40 fonts, out of 8000000 for 9000
 1141 hyphenation exceptions out of 8191
 36i,11n,43p,1514b,1421s stack positions out of 5000i,500n,10000p,200000b,80000s
{/usr/local/texlive/2016/texmf-dist/fonts/enc/dvips/cm-super/cm-super-t1.enc}
</usr/local/texlive/2016/texmf-dist/fonts/type1/public/amsfonts/cm/cmmi10.pfb><
/usr/local/texlive/2016/texmf-dist/fonts/type1/public/amsfonts/cm/cmmi12.pfb></
usr/local/texlive/2016/texmf-dist/fonts/type1/public/amsfonts/cm/cmmi8.pfb></us
r/local/texlive/2016/texmf-dist/fonts/type1/public/amsfonts/cm/cmr10.pfb></usr/
local/texlive/2016/texmf-dist/fonts/type1/public/amsfonts/cm/cmr12.pfb></usr/lo
cal/texlive/2016/texmf-dist/fonts/type1/public/amsfonts/cm/cmr8.pfb></usr/local
/texlive/2016/texmf-dist/fonts/type1/public/amsfonts/cm/cmsy10.pfb></usr/local/
texlive/2016/texmf-dist/fonts/type1/public/amsfonts/cm/cmsy8.pfb></usr/local/te
xlive/2016/texmf-dist/fonts/type1/public/cm-super/sfbx1200.pfb></usr/local/texl
ive/2016/texmf-dist/fonts/type1/public/cm-super/sfbx1440.pfb></usr/local/texliv
e/2016/texmf-dist/fonts/type1/public/cm-super/sfbx1728.pfb></usr/local/texlive/
2016/texmf-dist/fonts/type1/public/cm-super/sfbx2488.pfb></usr/local/texlive/20
16/texmf-dist/fonts/type1/public/cm-super/sfcc1728.pfb></usr/local/texlive/2016
/texmf-dist/fonts/type1/public/cm-super/sfrm1095.pfb></usr/local/texlive/2016/t
exmf-dist/fonts/type1/public/cm-super/sfrm1200.pfb></usr/local/texlive/2016/tex
mf-dist/fonts/type1/public/cm-super/sfrm1440.pfb></usr/local/texlive/2016/texmf
-dist/fonts/type1/public/cm-super/sfsl1200.pfb></usr/local/texlive/2016/texmf-d
ist/fonts/type1/public/cm-super/sfti1728.pfb></usr/local/texlive/2016/texmf-dis
t/fonts/type1/public/cm-super/sftt1200.pfb>
Output written on "/Users/arthurnoerve/utdanning/UiT/H2017/FYS-3012/Home exam/r
eport/.texpadtmp/home_exam-fys-3012.pdf" (24 pages, 2060291 bytes).
PDF statistics:
 804 PDF objects out of 1000 (max. 8388607)
 681 compressed objects within 7 object streams
 412 named destinations out of 1000 (max. 500000)
 317 words of extra memory for PDF output out of 10000 (max. 10000000)

